2025-04-08 13:44:33 [Thread-0] INFO  Console.Server - Сервер запущен
2025-04-08 13:44:35 [Thread-0] INFO  Console.Server - Клиент подключен
2025-04-08 13:44:45 [Thread-0] INFO  Console.Server - Команда без аргумента выполнена
2025-04-08 13:44:45 [Thread-0] INFO  Console.Server - Команда выполнена, ответ отправлен клиенту
2025-04-08 13:45:59 [Thread-0] INFO  Console.Server - Сервер запущен
2025-04-08 13:46:01 [Thread-0] INFO  Console.Server - Клиент подключен
2025-04-08 13:46:08 [Thread-0] INFO  Console.Server - Ответ отправлен клиенту
2025-04-08 13:46:15 [Thread-0] INFO  Console.Server - Ответ отправлен клиенту
2025-04-08 13:46:49 [Thread-0] INFO  Console.Server - Ответ отправлен клиенту
2025-04-08 13:46:54 [Thread-0] INFO  Console.Server - Ответ отправлен клиенту
2025-04-08 13:47:24 [Thread-0] INFO  Console.Server - Клиент завершил сессию командой exit
2025-04-08 13:47:46 [Thread-0] INFO  Console.Server - Клиент подключен
2025-04-08 13:47:48 [Thread-0] INFO  Console.Server - Ответ отправлен клиенту
2025-04-08 13:47:51 [Thread-0] INFO  Console.Server - Клиент завершил сессию командой exit
2025-04-08 14:07:26 [Thread-0] INFO  Console.Server - Сервер запущен
2025-04-08 14:07:30 [Thread-0] INFO  Console.Server - Клиент подключен
2025-04-08 14:07:43 [Thread-0] INFO  Console.Server - Ответ отправлен клиенту
2025-04-08 14:08:59 [Thread-0] INFO  Console.Server - Сервер запущен
2025-04-08 14:09:03 [Thread-0] INFO  Console.Server - Клиент подключен
2025-04-08 14:09:38 [Thread-0] INFO  Console.Server - Сервер запущен
2025-04-08 14:09:42 [Thread-0] INFO  Console.Server - Клиент подключен
2025-04-08 14:10:41 [Thread-0] INFO  Console.Server - Сервер запущен
2025-04-08 14:10:44 [Thread-0] INFO  Console.Server - Клиент подключен
2025-04-08 14:10:47 [Thread-0] INFO  Console.Server - Ответ отправлен клиенту
2025-04-08 14:10:51 [Thread-0] INFO  Console.Server - Ответ отправлен клиенту
2025-04-08 14:25:20 [Thread-0] INFO  Console.Server - Сервер запущен
2025-04-08 14:25:24 [Thread-0] INFO  Console.Server - Клиент подключен
2025-04-08 17:08:41 [Thread-0] INFO  Console.Server - Сервер запущен
2025-04-08 17:08:46 [Thread-0] INFO  Console.Server - Клиент подключен
2025-04-08 17:15:13 [Thread-0] INFO  Console.Server - Сервер запущен
2025-04-08 17:15:15 [Thread-0] INFO  Console.Server - Клиент подключен
2025-04-08 17:19:02 [Thread-0] INFO  Console.Server - Ответ отправлен клиенту
2025-04-08 17:19:05 [Thread-0] INFO  Console.Server - Ответ отправлен клиенту
2025-04-08 17:19:19 [Thread-0] INFO  Console.Server - Ответ отправлен клиенту
2025-04-08 17:19:20 [Thread-0] INFO  Console.Server - Ответ отправлен клиенту
2025-04-08 17:30:10 [Thread-0] INFO  Console.Server - Сервер запущен
2025-04-08 17:30:13 [Thread-0] INFO  Console.Server - Клиент подключен
2025-04-08 18:14:25 [Thread-0] INFO  Console.Server - Сервер запущен
2025-04-08 18:14:27 [Thread-0] INFO  Console.Server - Клиент подключен
